0:0:0:0:0:0:0:1 - - [20/四月/2018:23:01:17 +0800] "GET / HTTP/1.1" 200 - "-" "Mozilla/5.0 (Windows NT 10.0; WOW64) AppleWebKit/537.36 (KHTML, like Gecko) Chrome/65.0.3325.181 Safari/537.36" "-"
0:0:0:0:0:0:0:1 - - [20/四月/2018:23:01:17 +0800] "GET / HTTP/1.1" 200 - "-" "Mozilla/5.0 (Windows NT 10.0; WOW64) AppleWebKit/537.36 (KHTML, like Gecko) Chrome/65.0.3325.181 Safari/537.36" "-"
0:0:0:0:0:0:0:1 - - [20/四月/2018:23:01:17 +0800] "GET /css/sonar.b5628b8d.css HTTP/1.1" 200 - "http://localhost:9000/" "Mozilla/5.0 (Windows NT 10.0; WOW64) AppleWebKit/537.36 (KHTML, like Gecko) Chrome/65.0.3325.181 Safari/537.36" "-"
0:0:0:0:0:0:0:1 - - [20/四月/2018:23:01:18 +0800] "GET /js/vendor.d9aca469.js HTTP/1.1" 200 - "http://localhost:9000/" "Mozilla/5.0 (Windows NT 10.0; WOW64) AppleWebKit/537.36 (KHTML, like Gecko) Chrome/65.0.3325.181 Safari/537.36" "-"
0:0:0:0:0:0:0:1 - - [20/四月/2018:23:01:18 +0800] "GET /js/app.b5628b8d.js HTTP/1.1" 200 - "http://localhost:9000/" "Mozilla/5.0 (Windows NT 10.0; WOW64) AppleWebKit/537.36 (KHTML, like Gecko) Chrome/65.0.3325.181 Safari/537.36" "-"
0:0:0:0:0:0:0:1 - - [20/四月/2018:23:01:19 +0800] "GET /favicon.ico HTTP/1.1" 200 5430 "http://localhost:9000/" "Mozilla/5.0 (Windows NT 10.0; WOW64) AppleWebKit/537.36 (KHTML, like Gecko) Chrome/65.0.3325.181 Safari/537.36" "-"
0:0:0:0:0:0:0:1 - - [20/四月/2018:23:01:19 +0800] "GET /api/l10n/index?locale=zh-CN HTTP/1.1" 200 - "http://localhost:9000/" "Mozilla/5.0 (Windows NT 10.0; WOW64) AppleWebKit/537.36 (KHTML, like Gecko) Chrome/65.0.3325.181 Safari/537.36" "-"
0:0:0:0:0:0:0:1 - - [20/四月/2018:23:01:19 +0800] "GET /api/system/status HTTP/1.1" 200 73 "http://localhost:9000/" "Mozilla/5.0 (Windows NT 10.0; WOW64) AppleWebKit/537.36 (KHTML, like Gecko) Chrome/65.0.3325.181 Safari/537.36" "-"
0:0:0:0:0:0:0:1 - - [20/四月/2018:23:01:19 +0800] "GET /api/navigation/global HTTP/1.1" 404 59 "http://localhost:9000/maintenance?return_to=%2F" "Mozilla/5.0 (Windows NT 10.0; WOW64) AppleWebKit/537.36 (KHTML, like Gecko) Chrome/65.0.3325.181 Safari/537.36" "-"
0:0:0:0:0:0:0:1 - - [20/四月/2018:23:01:19 +0800] "GET /api/system/status HTTP/1.1" 200 73 "http://localhost:9000/maintenance?return_to=%2F" "Mozilla/5.0 (Windows NT 10.0; WOW64) AppleWebKit/537.36 (KHTML, like Gecko) Chrome/65.0.3325.181 Safari/537.36" "-"
0:0:0:0:0:0:0:1 - - [20/四月/2018:23:01:24 +0800] "GET /api/system/status HTTP/1.1" 200 73 "http://localhost:9000/maintenance?return_to=%2F" "Mozilla/5.0 (Windows NT 10.0; WOW64) AppleWebKit/537.36 (KHTML, like Gecko) Chrome/65.0.3325.181 Safari/537.36" "-"
0:0:0:0:0:0:0:1 - - [20/四月/2018:23:01:29 +0800] "GET /api/system/status HTTP/1.1" 200 73 "http://localhost:9000/maintenance?return_to=%2F" "Mozilla/5.0 (Windows NT 10.0; WOW64) AppleWebKit/537.36 (KHTML, like Gecko) Chrome/65.0.3325.181 Safari/537.36" "-"
0:0:0:0:0:0:0:1 - - [20/四月/2018:23:01:34 +0800] "GET /api/system/status HTTP/1.1" 200 73 "http://localhost:9000/maintenance?return_to=%2F" "Mozilla/5.0 (Windows NT 10.0; WOW64) AppleWebKit/537.36 (KHTML, like Gecko) Chrome/65.0.3325.181 Safari/537.36" "-"
0:0:0:0:0:0:0:1 - - [20/四月/2018:23:01:40 +0800] "GET /api/system/status HTTP/1.1" 200 73 "http://localhost:9000/maintenance?return_to=%2F" "Mozilla/5.0 (Windows NT 10.0; WOW64) AppleWebKit/537.36 (KHTML, like Gecko) Chrome/65.0.3325.181 Safari/537.36" "-"
0:0:0:0:0:0:0:1 - - [20/四月/2018:23:01:44 +0800] "GET /api/system/status HTTP/1.1" 200 73 "http://localhost:9000/maintenance?return_to=%2F" "Mozilla/5.0 (Windows NT 10.0; WOW64) AppleWebKit/537.36 (KHTML, like Gecko) Chrome/65.0.3325.181 Safari/537.36" "-"
0:0:0:0:0:0:0:1 - - [20/四月/2018:23:01:49 +0800] "GET /api/system/status HTTP/1.1" 200 73 "http://localhost:9000/maintenance?return_to=%2F" "Mozilla/5.0 (Windows NT 10.0; WOW64) AppleWebKit/537.36 (KHTML, like Gecko) Chrome/65.0.3325.181 Safari/537.36" "-"
0:0:0:0:0:0:0:1 - - [20/四月/2018:23:01:55 +0800] "GET /api/system/status HTTP/1.1" 200 73 "http://localhost:9000/maintenance?return_to=%2F" "Mozilla/5.0 (Windows NT 10.0; WOW64) AppleWebKit/537.36 (KHTML, like Gecko) Chrome/65.0.3325.181 Safari/537.36" "-"
0:0:0:0:0:0:0:1 - - [20/四月/2018:23:02:00 +0800] "GET /api/system/status HTTP/1.1" 200 67 "http://localhost:9000/maintenance?return_to=%2F" "Mozilla/5.0 (Windows NT 10.0; WOW64) AppleWebKit/537.36 (KHTML, like Gecko) Chrome/65.0.3325.181 Safari/537.36" "AWLjk4we/dn6v9noAAAA"
0:0:0:0:0:0:0:1 - - [20/四月/2018:23:02:03 +0800] "GET / HTTP/1.1" 200 - "http://localhost:9000/maintenance?return_to=%2F" "Mozilla/5.0 (Windows NT 10.0; WOW64) AppleWebKit/537.36 (KHTML, like Gecko) Chrome/65.0.3325.181 Safari/537.36" "AWLjk4we/dn6v9noAAAB"
0:0:0:0:0:0:0:1 - - [20/四月/2018:23:02:03 +0800] "GET /api/l10n/index?locale=zh-CN HTTP/1.1" 200 - "http://localhost:9000/" "Mozilla/5.0 (Windows NT 10.0; WOW64) AppleWebKit/537.36 (KHTML, like Gecko) Chrome/65.0.3325.181 Safari/537.36" "AWLjk4we/dn6v9noAAAC"
0:0:0:0:0:0:0:1 - - [20/四月/2018:23:02:03 +0800] "GET /api/system/status HTTP/1.1" 200 67 "http://localhost:9000/" "Mozilla/5.0 (Windows NT 10.0; WOW64) AppleWebKit/537.36 (KHTML, like Gecko) Chrome/65.0.3325.181 Safari/537.36" "AWLjk4we/dn6v9noAAAD"
0:0:0:0:0:0:0:1 - - [20/四月/2018:23:02:04 +0800] "GET /api/users/current HTTP/1.1" 200 98 "http://localhost:9000/" "Mozilla/5.0 (Windows NT 10.0; WOW64) AppleWebKit/537.36 (KHTML, like Gecko) Chrome/65.0.3325.181 Safari/537.36" "AWLjk4we/dn6v9noAAAE"
0:0:0:0:0:0:0:1 - - [20/四月/2018:23:02:04 +0800] "GET /api/languages/list HTTP/1.1" 200 247 "http://localhost:9000/" "Mozilla/5.0 (Windows NT 10.0; WOW64) AppleWebKit/537.36 (KHTML, like Gecko) Chrome/65.0.3325.181 Safari/537.36" "AWLjk4we/dn6v9noAAAG"
0:0:0:0:0:0:0:1 - - [20/四月/2018:23:02:04 +0800] "GET /api/navigation/global HTTP/1.1" 200 575 "http://localhost:9000/" "Mozilla/5.0 (Windows NT 10.0; WOW64) AppleWebKit/537.36 (KHTML, like Gecko) Chrome/65.0.3325.181 Safari/537.36" "AWLjk4we/dn6v9noAAAF"
0:0:0:0:0:0:0:1 - - [20/四月/2018:23:02:04 +0800] "GET /js/259.868d2ba1.chunk.js HTTP/1.1" 200 - "http://localhost:9000/about" "Mozilla/5.0 (Windows NT 10.0; WOW64) AppleWebKit/537.36 (KHTML, like Gecko) Chrome/65.0.3325.181 Safari/537.36" "AWLjk4we/dn6v9noAAAH"
0:0:0:0:0:0:0:1 - - [20/四月/2018:23:02:04 +0800] "GET /images/scanner-logos/msbuild.svg HTTP/1.1" 200 722 "http://localhost:9000/about" "Mozilla/5.0 (Windows NT 10.0; WOW64) AppleWebKit/537.36 (KHTML, like Gecko) Chrome/65.0.3325.181 Safari/537.36" "AWLjk4we/dn6v9noAAAN"
0:0:0:0:0:0:0:1 - - [20/四月/2018:23:02:04 +0800] "GET /images/logo.svg?v=6.6 HTTP/1.1" 200 3507 "http://localhost:9000/about" "Mozilla/5.0 (Windows NT 10.0; WOW64) AppleWebKit/537.36 (KHTML, like Gecko) Chrome/65.0.3325.181 Safari/537.36" "AWLjk4we/dn6v9noAAAK"
0:0:0:0:0:0:0:1 - - [20/四月/2018:23:02:04 +0800] "GET /images/scanner-logos/sonarqube.svg HTTP/1.1" 200 8422 "http://localhost:9000/about" "Mozilla/5.0 (Windows NT 10.0; WOW64) AppleWebKit/537.36 (KHTML, like Gecko) Chrome/65.0.3325.181 Safari/537.36" "AWLjk4we/dn6v9noAAAM"
0:0:0:0:0:0:0:1 - - [20/四月/2018:23:02:04 +0800] "GET /images/scanner-logos/maven.svg HTTP/1.1" 200 2234 "http://localhost:9000/about" "Mozilla/5.0 (Windows NT 10.0; WOW64) AppleWebKit/537.36 (KHTML, like Gecko) Chrome/65.0.3325.181 Safari/537.36" "AWLjk4we/dn6v9noAAAO"
0:0:0:0:0:0:0:1 - - [20/四月/2018:23:02:04 +0800] "GET /images/scanner-logos/gradle.svg HTTP/1.1" 200 3708 "http://localhost:9000/about" "Mozilla/5.0 (Windows NT 10.0; WOW64) AppleWebKit/537.36 (KHTML, like Gecko) Chrome/65.0.3325.181 Safari/537.36" "AWLjk4we/dn6v9noAAAP"
0:0:0:0:0:0:0:1 - - [20/四月/2018:23:02:04 +0800] "GET /images/scanner-logos/jenkins.svg HTTP/1.1" 200 14902 "http://localhost:9000/about" "Mozilla/5.0 (Windows NT 10.0; WOW64) AppleWebKit/537.36 (KHTML, like Gecko) Chrome/65.0.3325.181 Safari/537.36" "AWLjk4we/dn6v9noAAAQ"
0:0:0:0:0:0:0:1 - - [20/四月/2018:23:02:04 +0800] "GET /images/scanner-logos/ant.svg HTTP/1.1" 200 9688 "http://localhost:9000/about" "Mozilla/5.0 (Windows NT 10.0; WOW64) AppleWebKit/537.36 (KHTML, like Gecko) Chrome/65.0.3325.181 Safari/537.36" "AWLjk4we/dn6v9noAAAR"
0:0:0:0:0:0:0:1 - - [20/四月/2018:23:02:05 +0800] "GET /api/settings/values?keys=sonar.lf.aboutText HTTP/1.1" 200 15 "http://localhost:9000/about" "Mozilla/5.0 (Windows NT 10.0; WOW64) AppleWebKit/537.36 (KHTML, like Gecko) Chrome/65.0.3325.181 Safari/537.36" "AWLjk4we/dn6v9noAAAL"
0:0:0:0:0:0:0:1 - - [20/四月/2018:23:02:05 +0800] "GET /fonts/sonar-5.2.woff? HTTP/1.1" 200 17904 "http://localhost:9000/css/sonar.b5628b8d.css" "Mozilla/5.0 (Windows NT 10.0; WOW64) AppleWebKit/537.36 (KHTML, like Gecko) Chrome/65.0.3325.181 Safari/537.36" "AWLjk4we/dn6v9noAAAS"
0:0:0:0:0:0:0:1 - - [20/四月/2018:23:02:07 +0800] "GET /api/components/search_projects?ps=1 HTTP/1.1" 200 77 "http://localhost:9000/about" "Mozilla/5.0 (Windows NT 10.0; WOW64) AppleWebKit/537.36 (KHTML, like Gecko) Chrome/65.0.3325.181 Safari/537.36" "AWLjk4we/dn6v9noAAAI"
0:0:0:0:0:0:0:1 - - [20/四月/2018:23:02:07 +0800] "GET /api/issues/search?resolved=false&facets=types&ps=1&additionalFields=_all HTTP/1.1" 200 500 "http://localhost:9000/about" "Mozilla/5.0 (Windows NT 10.0; WOW64) AppleWebKit/537.36 (KHTML, like Gecko) Chrome/65.0.3325.181 Safari/537.36" "AWLjk4we/dn6v9noAAAJ"
0:0:0:0:0:0:0:1 - - [20/四月/2018:23:02:29 +0800] "GET /js/263.3144edad.chunk.js HTTP/1.1" 200 6154 "http://localhost:9000/sessions/new" "Mozilla/5.0 (Windows NT 10.0; WOW64) AppleWebKit/537.36 (KHTML, like Gecko) Chrome/65.0.3325.181 Safari/537.36" "AWLjk4we/dn6v9noAAAT"
0:0:0:0:0:0:0:1 - - [20/四月/2018:23:02:30 +0800] "GET /api/navigation/global HTTP/1.1" 200 575 "http://localhost:9000/sessions/new" "Mozilla/5.0 (Windows NT 10.0; WOW64) AppleWebKit/537.36 (KHTML, like Gecko) Chrome/65.0.3325.181 Safari/537.36" "AWLjk4we/dn6v9noAAAU"
0:0:0:0:0:0:0:1 - - [20/四月/2018:23:02:30 +0800] "GET /api/users/identity_providers HTTP/1.1" 200 24 "http://localhost:9000/sessions/new" "Mozilla/5.0 (Windows NT 10.0; WOW64) AppleWebKit/537.36 (KHTML, like Gecko) Chrome/65.0.3325.181 Safari/537.36" "AWLjk4we/dn6v9noAAAV"
0:0:0:0:0:0:0:1 - - [20/四月/2018:23:02:35 +0800] "POST /api/authentication/login HTTP/1.1" 200 - "http://localhost:9000/sessions/new" "Mozilla/5.0 (Windows NT 10.0; WOW64) AppleWebKit/537.36 (KHTML, like Gecko) Chrome/65.0.3325.181 Safari/537.36" "AWLjk4we/dn6v9noAAAW"
0:0:0:0:0:0:0:1 - - [20/四月/2018:23:02:35 +0800] "GET / HTTP/1.1" 200 - "http://localhost:9000/sessions/new" "Mozilla/5.0 (Windows NT 10.0; WOW64) AppleWebKit/537.36 (KHTML, like Gecko) Chrome/65.0.3325.181 Safari/537.36" "AWLjk4we/dn6v9noAAAX"
0:0:0:0:0:0:0:1 - - [20/四月/2018:23:02:36 +0800] "GET /api/l10n/index?locale=zh-CN HTTP/1.1" 200 - "http://localhost:9000/" "Mozilla/5.0 (Windows NT 10.0; WOW64) AppleWebKit/537.36 (KHTML, like Gecko) Chrome/65.0.3325.181 Safari/537.36" "AWLjk4we/dn6v9noAAAY"
0:0:0:0:0:0:0:1 - - [20/四月/2018:23:02:36 +0800] "GET /api/system/status HTTP/1.1" 200 67 "http://localhost:9000/" "Mozilla/5.0 (Windows NT 10.0; WOW64) AppleWebKit/537.36 (KHTML, like Gecko) Chrome/65.0.3325.181 Safari/537.36" "AWLjk4we/dn6v9noAAAZ"
0:0:0:0:0:0:0:1 - - [20/四月/2018:23:02:36 +0800] "GET /api/users/current HTTP/1.1" 200 342 "http://localhost:9000/" "Mozilla/5.0 (Windows NT 10.0; WOW64) AppleWebKit/537.36 (KHTML, like Gecko) Chrome/65.0.3325.181 Safari/537.36" "AWLjk4we/dn6v9noAAAa"
0:0:0:0:0:0:0:1 - - [20/四月/2018:23:02:36 +0800] "GET /api/languages/list HTTP/1.1" 200 247 "http://localhost:9000/" "Mozilla/5.0 (Windows NT 10.0; WOW64) AppleWebKit/537.36 (KHTML, like Gecko) Chrome/65.0.3325.181 Safari/537.36" "AWLjk4we/dn6v9noAAAc"
0:0:0:0:0:0:0:1 - - [20/四月/2018:23:02:36 +0800] "GET /api/navigation/global HTTP/1.1" 200 574 "http://localhost:9000/" "Mozilla/5.0 (Windows NT 10.0; WOW64) AppleWebKit/537.36 (KHTML, like Gecko) Chrome/65.0.3325.181 Safari/537.36" "AWLjk4we/dn6v9noAAAb"
0:0:0:0:0:0:0:1 - - [20/四月/2018:23:02:36 +0800] "GET /api/components/search_projects?filter=isFavorite&ps=1 HTTP/1.1" 200 77 "http://localhost:9000/projects" "Mozilla/5.0 (Windows NT 10.0; WOW64) AppleWebKit/537.36 (KHTML, like Gecko) Chrome/65.0.3325.181 Safari/537.36" "AWLjk4we/dn6v9noAAAd"
0:0:0:0:0:0:0:1 - - [20/四月/2018:23:02:36 +0800] "GET /js/244.8dce7c94.chunk.js HTTP/1.1" 200 - "http://localhost:9000/projects" "Mozilla/5.0 (Windows NT 10.0; WOW64) AppleWebKit/537.36 (KHTML, like Gecko) Chrome/65.0.3325.181 Safari/537.36" "AWLjk4we/dn6v9noAAAe"
0:0:0:0:0:0:0:1 - - [20/四月/2018:23:02:36 +0800] "GET /js/238.7b9c7c0c.chunk.js HTTP/1.1" 200 - "http://localhost:9000/projects" "Mozilla/5.0 (Windows NT 10.0; WOW64) AppleWebKit/537.36 (KHTML, like Gecko) Chrome/65.0.3325.181 Safari/537.36" "AWLjk4we/dn6v9noAAAf"
0:0:0:0:0:0:0:1 - - [20/四月/2018:23:02:36 +0800] "GET /api/user_tokens/search?login=admin HTTP/1.1" 200 33 "http://localhost:9000/projects" "Mozilla/5.0 (Windows NT 10.0; WOW64) AppleWebKit/537.36 (KHTML, like Gecko) Chrome/65.0.3325.181 Safari/537.36" "AWLjk4we/dn6v9noAAAg"
0:0:0:0:0:0:0:1 - - [20/四月/2018:23:02:37 +0800] "GET /api/components/search_projects?ps=50&facets=reliability_rating%2Csecurity_rating%2Csqale_rating%2Ccoverage%2Cduplicated_lines_density%2Cncloc%2Calert_status%2Clanguages%2Ctags&f=analysisDate%2CleakPeriodDate HTTP/1.1" 200 - "http://localhost:9000/projects" "Mozilla/5.0 (Windows NT 10.0; WOW64) AppleWebKit/537.36 (KHTML, like Gecko) Chrome/65.0.3325.181 Safari/537.36" "AWLjk4we/dn6v9noAAAh"
0:0:0:0:0:0:0:1 - - [20/四月/2018:23:02:45 +0800] "POST /api/user_tokens/generate HTTP/1.1" 200 119 "http://localhost:9000/projects" "Mozilla/5.0 (Windows NT 10.0; WOW64) AppleWebKit/537.36 (KHTML, like Gecko) Chrome/65.0.3325.181 Safari/537.36" "AWLjk4we/dn6v9noAAAi"
0:0:0:0:0:0:0:1 - - [20/四月/2018:23:03:29 +0800] "POST /api/users/skip_onboarding_tutorial HTTP/1.1" 204 - "http://localhost:9000/projects" "Mozilla/5.0 (Windows NT 10.0; WOW64) AppleWebKit/537.36 (KHTML, like Gecko) Chrome/65.0.3325.181 Safari/537.36" "AWLjk4we/dn6v9noAAAj"
0:0:0:0:0:0:0:1 - - [20/四月/2018:23:03:46 +0800] "GET / HTTP/1.1" 200 - "-" "Mozilla/5.0 (Windows NT 10.0; WOW64) AppleWebKit/537.36 (KHTML, like Gecko) Chrome/65.0.3325.181 Safari/537.36" "AWLjk4we/dn6v9noAAAk"
0:0:0:0:0:0:0:1 - - [20/四月/2018:23:03:47 +0800] "GET /api/l10n/index?locale=zh-CN HTTP/1.1" 200 - "http://localhost:9000/" "Mozilla/5.0 (Windows NT 10.0; WOW64) AppleWebKit/537.36 (KHTML, like Gecko) Chrome/65.0.3325.181 Safari/537.36" "AWLjk4we/dn6v9noAAAl"
0:0:0:0:0:0:0:1 - - [20/四月/2018:23:03:47 +0800] "GET /api/system/status HTTP/1.1" 200 67 "http://localhost:9000/" "Mozilla/5.0 (Windows NT 10.0; WOW64) AppleWebKit/537.36 (KHTML, like Gecko) Chrome/65.0.3325.181 Safari/537.36" "AWLjk4we/dn6v9noAAAm"
0:0:0:0:0:0:0:1 - - [20/四月/2018:23:03:47 +0800] "GET /api/users/current HTTP/1.1" 200 343 "http://localhost:9000/" "Mozilla/5.0 (Windows NT 10.0; WOW64) AppleWebKit/537.36 (KHTML, like Gecko) Chrome/65.0.3325.181 Safari/537.36" "AWLjk4we/dn6v9noAAAn"
0:0:0:0:0:0:0:1 - - [20/四月/2018:23:03:47 +0800] "GET /api/languages/list HTTP/1.1" 200 247 "http://localhost:9000/" "Mozilla/5.0 (Windows NT 10.0; WOW64) AppleWebKit/537.36 (KHTML, like Gecko) Chrome/65.0.3325.181 Safari/537.36" "AWLjk4we/dn6v9noAAAp"
0:0:0:0:0:0:0:1 - - [20/四月/2018:23:03:47 +0800] "GET /api/navigation/global HTTP/1.1" 200 574 "http://localhost:9000/" "Mozilla/5.0 (Windows NT 10.0; WOW64) AppleWebKit/537.36 (KHTML, like Gecko) Chrome/65.0.3325.181 Safari/537.36" "AWLjk4we/dn6v9noAAAo"
0:0:0:0:0:0:0:1 - - [20/四月/2018:23:03:47 +0800] "GET /api/components/search_projects?filter=isFavorite&ps=1 HTTP/1.1" 200 77 "http://localhost:9000/projects" "Mozilla/5.0 (Windows NT 10.0; WOW64) AppleWebKit/537.36 (KHTML, like Gecko) Chrome/65.0.3325.181 Safari/537.36" "AWLjk4we/dn6v9noAAAq"
0:0:0:0:0:0:0:1 - - [20/四月/2018:23:03:47 +0800] "GET /api/components/search_projects?ps=50&facets=reliability_rating%2Csecurity_rating%2Csqale_rating%2Ccoverage%2Cduplicated_lines_density%2Cncloc%2Calert_status%2Clanguages%2Ctags&f=analysisDate%2CleakPeriodDate HTTP/1.1" 200 - "http://localhost:9000/projects" "Mozilla/5.0 (Windows NT 10.0; WOW64) AppleWebKit/537.36 (KHTML, like Gecko) Chrome/65.0.3325.181 Safari/537.36" "AWLjk4we/dn6v9noAAAr"
0:0:0:0:0:0:0:1 - - [20/四月/2018:23:04:15 +0800] "GET /projects HTTP/1.1" 200 - "-" "Mozilla/5.0 (Windows NT 10.0; WOW64) AppleWebKit/537.36 (KHTML, like Gecko) Chrome/65.0.3325.181 Safari/537.36" "AWLjk4we/dn6v9noAAAs"
0:0:0:0:0:0:0:1 - - [20/四月/2018:23:04:15 +0800] "GET /api/l10n/index?locale=zh-CN HTTP/1.1" 200 - "http://localhost:9000/projects" "Mozilla/5.0 (Windows NT 10.0; WOW64) AppleWebKit/537.36 (KHTML, like Gecko) Chrome/65.0.3325.181 Safari/537.36" "AWLjk4we/dn6v9noAAAt"
0:0:0:0:0:0:0:1 - - [20/四月/2018:23:04:15 +0800] "GET /favicon.ico HTTP/1.1" 200 5430 "http://localhost:9000/projects" "Mozilla/5.0 (Windows NT 10.0; WOW64) AppleWebKit/537.36 (KHTML, like Gecko) Chrome/65.0.3325.181 Safari/537.36" "AWLjk4we/dn6v9noAAAv"
0:0:0:0:0:0:0:1 - - [20/四月/2018:23:04:15 +0800] "GET /api/system/status HTTP/1.1" 200 67 "http://localhost:9000/projects" "Mozilla/5.0 (Windows NT 10.0; WOW64) AppleWebKit/537.36 (KHTML, like Gecko) Chrome/65.0.3325.181 Safari/537.36" "AWLjk4we/dn6v9noAAAu"
0:0:0:0:0:0:0:1 - - [20/四月/2018:23:04:15 +0800] "GET /api/users/current HTTP/1.1" 200 343 "http://localhost:9000/projects" "Mozilla/5.0 (Windows NT 10.0; WOW64) AppleWebKit/537.36 (KHTML, like Gecko) Chrome/65.0.3325.181 Safari/537.36" "AWLjk4we/dn6v9noAAAw"
0:0:0:0:0:0:0:1 - - [20/四月/2018:23:04:15 +0800] "GET /api/languages/list HTTP/1.1" 200 247 "http://localhost:9000/projects" "Mozilla/5.0 (Windows NT 10.0; WOW64) AppleWebKit/537.36 (KHTML, like Gecko) Chrome/65.0.3325.181 Safari/537.36" "AWLjk4we/dn6v9noAAAx"
0:0:0:0:0:0:0:1 - - [20/四月/2018:23:04:15 +0800] "GET /api/navigation/global HTTP/1.1" 200 574 "http://localhost:9000/projects" "Mozilla/5.0 (Windows NT 10.0; WOW64) AppleWebKit/537.36 (KHTML, like Gecko) Chrome/65.0.3325.181 Safari/537.36" "AWLjk4we/dn6v9noAAAy"
0:0:0:0:0:0:0:1 - - [20/四月/2018:23:04:15 +0800] "GET /api/components/search_projects?filter=isFavorite&ps=1 HTTP/1.1" 200 77 "http://localhost:9000/projects" "Mozilla/5.0 (Windows NT 10.0; WOW64) AppleWebKit/537.36 (KHTML, like Gecko) Chrome/65.0.3325.181 Safari/537.36" "AWLjk4we/dn6v9noAAAz"
0:0:0:0:0:0:0:1 - - [20/四月/2018:23:04:15 +0800] "GET /api/components/search_projects?ps=50&facets=reliability_rating%2Csecurity_rating%2Csqale_rating%2Ccoverage%2Cduplicated_lines_density%2Cncloc%2Calert_status%2Clanguages%2Ctags&f=analysisDate%2CleakPeriodDate HTTP/1.1" 200 - "http://localhost:9000/projects" "Mozilla/5.0 (Windows NT 10.0; WOW64) AppleWebKit/537.36 (KHTML, like Gecko) Chrome/65.0.3325.181 Safari/537.36" "AWLjk4we/dn6v9noAAA0"
