--> Wrapper Started as Console
Launching a JVM...
Unable to execute Java command.  系统找不到指定的文件。 (0x2)
    "java" -Dsonar.wrapped=true -Djava.awt.headless=true -Xms8m -Xmx32m -Djava.library.path="./lib" -classpath "../../lib/jsw/wrapper-3.2.3.jar;../../lib/common/commons-codec-1.8.jar;../../lib/common/commons-io-2.4.jar;../../lib/common/commons-lang-2.6.jar;../../lib/common/commons-logging-1.1.3.jar;../../lib/common/elasticsearch-5.6.3.jar;../../lib/common/elasticsearch-rest-client-5.6.3.jar;../../lib/common/guava-18.0.jar;../../lib/common/hazelcast-3.8.6.jar;../../lib/common/hazelcast-client-3.8.6.jar;../../lib/common/HdrHistogram-2.1.9.jar;../../lib/common/hppc-0.7.1.jar;../../lib/common/httpasyncclient-4.1.2.jar;../../lib/common/httpclient-4.5.2.jar;../../lib/common/httpcore-4.4.5.jar;../../lib/common/httpcore-nio-4.4.5.jar;../../lib/common/jackson-core-2.6.6.jar;../../lib/common/jackson-dataformat-cbor-2.8.6.jar;../../lib/common/jackson-dataformat-smile-2.8.6.jar;../../lib/common/jackson-dataformat-yaml-2.8.6.jar;../../lib/common/jna-4.4.0-1.jar;../../lib/common/joda-time-2.9.5.jar;../../lib/common/jopt-simple-5.0.2.jar;../../lib/common/jul-to-slf4j-1.7.25.jar;../../lib/common/log4j-api-2.8.2.jar;../../lib/common/log4j-core-2.8.2.jar;../../lib/common/log4j-to-slf4j-2.8.2.jar;../../lib/common/logback-classic-1.2.3.jar;../../lib/common/logback-core-1.2.3.jar;../../lib/common/lucene-analyzers-common-6.6.1.jar;../../lib/common/lucene-backward-codecs-6.6.1.jar;../../lib/common/lucene-core-6.6.1.jar;../../lib/common/lucene-grouping-6.6.1.jar;../../lib/common/lucene-highlighter-6.6.1.jar;../../lib/common/lucene-join-6.6.1.jar;../../lib/common/lucene-memory-6.6.1.jar;../../lib/common/lucene-misc-6.6.1.jar;../../lib/common/lucene-queries-6.6.1.jar;../../lib/common/lucene-queryparser-6.6.1.jar;../../lib/common/lucene-sandbox-6.6.1.jar;../../lib/common/lucene-spatial-6.6.1.jar;../../lib/common/lucene-spatial-extras-6.6.1.jar;../../lib/common/lucene-spatial3d-6.6.1.jar;../../lib/common/lucene-suggest-6.6.1.jar;../../lib/common/netty-buffer-4.1.13.Final.jar;../../lib/common/netty-codec-4.1.13.Final.jar;../../lib/common/netty-codec-http-4.1.13.Final.jar;../../lib/common/netty-common-4.1.13.Final.jar;../../lib/common/netty-handler-4.1.13.Final.jar;../../lib/common/netty-resolver-4.1.13.Final.jar;../../lib/common/netty-transport-4.1.13.Final.jar;../../lib/common/parent-join-client-5.6.3.jar;../../lib/common/percolator-client-5.6.3.jar;../../lib/common/reindex-client-5.6.3.jar;../../lib/common/securesm-1.1.jar;../../lib/common/slf4j-api-1.7.25.jar;../../lib/common/snakeyaml-1.15.jar;../../lib/common/sonar-main-7.0.jar;../../lib/common/sonar-process-7.0.jar;../../lib/common/t-digest-3.0.jar;../../lib/common/transport-5.6.3.jar;../../lib/common/transport-netty4-client-5.6.3.jar;../../lib/sonar-application-7.0.jar" -Dwrapper.key="KOzo5wXb928n0Qix" -Dwrapper.port=32000 -Dwrapper.jvm.port.min=31000 -Dwrapper.jvm.port.max=31999 -Dwrapper.pid=13692 -Dwrapper.version="3.2.3" -Dwrapper.native_library="wrapper" -Dwrapper.cpu.timeout="10" -Dwrapper.jvmid=1 org.tanukisoftware.wrapper.WrapperSimpleApp org.sonar.application.App
Critical error: wait for JVM process failed
OpenSCManager failed - 拒绝访问。 (0x5)
OpenSCManager failed - 拒绝访问。 (0x5)
--> Wrapper Started as Console
Launching a JVM...
Unable to execute Java command.  系统找不到指定的文件。 (0x2)
    "java" -Dsonar.wrapped=true -Djava.awt.headless=true -Xms8m -Xmx32m -Djava.library.path="./lib" -classpath "../../lib/jsw/wrapper-3.2.3.jar;../../lib/common/commons-codec-1.8.jar;../../lib/common/commons-io-2.4.jar;../../lib/common/commons-lang-2.6.jar;../../lib/common/commons-logging-1.1.3.jar;../../lib/common/elasticsearch-5.6.3.jar;../../lib/common/elasticsearch-rest-client-5.6.3.jar;../../lib/common/guava-18.0.jar;../../lib/common/hazelcast-3.8.6.jar;../../lib/common/hazelcast-client-3.8.6.jar;../../lib/common/HdrHistogram-2.1.9.jar;../../lib/common/hppc-0.7.1.jar;../../lib/common/httpasyncclient-4.1.2.jar;../../lib/common/httpclient-4.5.2.jar;../../lib/common/httpcore-4.4.5.jar;../../lib/common/httpcore-nio-4.4.5.jar;../../lib/common/jackson-core-2.6.6.jar;../../lib/common/jackson-dataformat-cbor-2.8.6.jar;../../lib/common/jackson-dataformat-smile-2.8.6.jar;../../lib/common/jackson-dataformat-yaml-2.8.6.jar;../../lib/common/jna-4.4.0-1.jar;../../lib/common/joda-time-2.9.5.jar;../../lib/common/jopt-simple-5.0.2.jar;../../lib/common/jul-to-slf4j-1.7.25.jar;../../lib/common/log4j-api-2.8.2.jar;../../lib/common/log4j-core-2.8.2.jar;../../lib/common/log4j-to-slf4j-2.8.2.jar;../../lib/common/logback-classic-1.2.3.jar;../../lib/common/logback-core-1.2.3.jar;../../lib/common/lucene-analyzers-common-6.6.1.jar;../../lib/common/lucene-backward-codecs-6.6.1.jar;../../lib/common/lucene-core-6.6.1.jar;../../lib/common/lucene-grouping-6.6.1.jar;../../lib/common/lucene-highlighter-6.6.1.jar;../../lib/common/lucene-join-6.6.1.jar;../../lib/common/lucene-memory-6.6.1.jar;../../lib/common/lucene-misc-6.6.1.jar;../../lib/common/lucene-queries-6.6.1.jar;../../lib/common/lucene-queryparser-6.6.1.jar;../../lib/common/lucene-sandbox-6.6.1.jar;../../lib/common/lucene-spatial-6.6.1.jar;../../lib/common/lucene-spatial-extras-6.6.1.jar;../../lib/common/lucene-spatial3d-6.6.1.jar;../../lib/common/lucene-suggest-6.6.1.jar;../../lib/common/netty-buffer-4.1.13.Final.jar;../../lib/common/netty-codec-4.1.13.Final.jar;../../lib/common/netty-codec-http-4.1.13.Final.jar;../../lib/common/netty-common-4.1.13.Final.jar;../../lib/common/netty-handler-4.1.13.Final.jar;../../lib/common/netty-resolver-4.1.13.Final.jar;../../lib/common/netty-transport-4.1.13.Final.jar;../../lib/common/parent-join-client-5.6.3.jar;../../lib/common/percolator-client-5.6.3.jar;../../lib/common/reindex-client-5.6.3.jar;../../lib/common/securesm-1.1.jar;../../lib/common/slf4j-api-1.7.25.jar;../../lib/common/snakeyaml-1.15.jar;../../lib/common/sonar-main-7.0.jar;../../lib/common/sonar-process-7.0.jar;../../lib/common/t-digest-3.0.jar;../../lib/common/transport-5.6.3.jar;../../lib/common/transport-netty4-client-5.6.3.jar;../../lib/sonar-application-7.0.jar" -Dwrapper.key="hGeWxHHBwaEtau2T" -Dwrapper.port=32000 -Dwrapper.jvm.port.min=31000 -Dwrapper.jvm.port.max=31999 -Dwrapper.pid=13856 -Dwrapper.version="3.2.3" -Dwrapper.native_library="wrapper" -Dwrapper.cpu.timeout="10" -Dwrapper.jvmid=1 org.tanukisoftware.wrapper.WrapperSimpleApp org.sonar.application.App
Critical error: wait for JVM process failed
--> Wrapper Started as Console
Launching a JVM...
Wrapper (Version 3.2.3) http://wrapper.tanukisoftware.org
  Copyright 1999-2006 Tanuki Software, Inc.  All Rights Reserved.

2018.04.20 23:01:00 INFO  app[][o.s.a.AppFileSystem] Cleaning or creating temp directory F:\GridWorld(大二实训)\sonar\sonarqube-7.0\temp
2018.04.20 23:01:00 INFO  app[][o.s.a.es.EsSettings] Elasticsearch listening on /127.0.0.1:9001
2018.04.20 23:01:00 INFO  app[][o.s.a.p.ProcessLauncherImpl] Launch process[[key='es', ipcIndex=1, logFilenamePrefix=es]] from [F:\GridWorld(大二实训)\sonar\sonarqube-7.0\elasticsearch]: F:\Java\jre1.8.0_172\bin\java -XX:+UseConcMarkSweepGC -XX:CMSInitiatingOccupancyFraction=75 -XX:+UseCMSInitiatingOccupancyOnly -XX:+AlwaysPreTouch -server -Xss1m -Djava.awt.headless=true -Dfile.encoding=UTF-8 -Djna.nosys=true -Djdk.io.permissionsUseCanonicalPath=true -Dio.netty.noUnsafe=true -Dio.netty.noKeySetOptimization=true -Dio.netty.recycler.maxCapacityPerThread=0 -Dlog4j.shutdownHookEnabled=false -Dlog4j2.disable.jmx=true -Dlog4j.skipJansi=true -Xms512m -Xmx512m -XX:+HeapDumpOnOutOfMemoryError -Delasticsearch -Des.path.home=F:\GridWorld(大二实训)\sonar\sonarqube-7.0\elasticsearch -cp lib/* org.elasticsearch.bootstrap.Elasticsearch -Epath.conf=F:\GridWorld(大二实训)\sonar\sonarqube-7.0\temp\conf\es
2018.04.20 23:01:00 INFO  app[][o.s.a.SchedulerImpl] Waiting for Elasticsearch to be up and running
2018.04.20 23:01:00 INFO  app[][o.e.p.PluginsService] no modules loaded
2018.04.20 23:01:00 INFO  app[][o.e.p.PluginsService] loaded plugin [org.elasticsearch.transport.Netty4Plugin]
2018.04.20 23:01:08 INFO  app[][o.s.a.SchedulerImpl] Process[es] is up
2018.04.20 23:01:08 INFO  app[][o.s.a.p.ProcessLauncherImpl] Launch process[[key='web', ipcIndex=2, logFilenamePrefix=web]] from [F:\GridWorld(大二实训)\sonar\sonarqube-7.0]: F:\Java\jre1.8.0_172\bin\java -Djava.awt.headless=true -Dfile.encoding=UTF-8 -Djava.io.tmpdir=F:\GridWorld(大二实训)\sonar\sonarqube-7.0\temp -Xmx512m -Xms128m -XX:+HeapDumpOnOutOfMemoryError -cp ./lib/common/*;./lib/server/*;F:\GridWorld(大二实训)\sonar\sonarqube-7.0\lib\jdbc\h2\h2-1.3.176.jar org.sonar.server.app.WebServer F:\GridWorld(大二实训)\sonar\sonarqube-7.0\temp\sq-process8972246149412707937properties
2018.04.20 23:01:55 INFO  app[][o.s.a.SchedulerImpl] Process[web] is up
2018.04.20 23:01:55 INFO  app[][o.s.a.p.ProcessLauncherImpl] Launch process[[key='ce', ipcIndex=3, logFilenamePrefix=ce]] from [F:\GridWorld(大二实训)\sonar\sonarqube-7.0]: F:\Java\jre1.8.0_172\bin\java -Djava.awt.headless=true -Dfile.encoding=UTF-8 -Djava.io.tmpdir=F:\GridWorld(大二实训)\sonar\sonarqube-7.0\temp -Xmx512m -Xms128m -XX:+HeapDumpOnOutOfMemoryError -cp ./lib/common/*;./lib/server/*;./lib/ce/*;F:\GridWorld(大二实训)\sonar\sonarqube-7.0\lib\jdbc\h2\h2-1.3.176.jar org.sonar.ce.app.CeServer F:\GridWorld(大二实训)\sonar\sonarqube-7.0\temp\sq-process2762319247098809637properties
2018.04.20 23:02:08 INFO  app[][o.s.a.SchedulerImpl] Process[ce] is up
2018.04.20 23:02:08 INFO  app[][o.s.a.SchedulerImpl] SonarQube is up
CTRL-C trapped.  Shutting down.
2018.04.20 23:03:39 INFO  app[][o.s.a.SchedulerImpl] Stopping SonarQube
CTRL-C trapped.  Forcing immediate shutdown.
JVM did not exit on request, terminated
CTRL-C trapped.  Forcing immediate shutdown.
CTRL-C trapped.  Forcing immediate shutdown.
<-- Wrapper Stopped
OpenSCManager failed - 拒绝访问。 (0x5)
OpenSCManager failed - 拒绝访问。 (0x5)
OpenSCManager failed - 拒绝访问。 (0x5)
--> Wrapper Started as Console
Launching a JVM...
Wrapper (Version 3.2.3) http://wrapper.tanukisoftware.org
  Copyright 1999-2006 Tanuki Software, Inc.  All Rights Reserved.

2018.04.20 23:04:39 INFO  app[][o.s.a.AppFileSystem] Cleaning or creating temp directory F:\GridWorld(大二实训)\sonar\sonarqube-7.0\temp
2018.04.20 23:04:39 INFO  app[][o.s.a.es.EsSettings] Elasticsearch listening on /127.0.0.1:9001
2018.04.20 23:04:39 INFO  app[][o.s.a.p.ProcessLauncherImpl] Launch process[[key='es', ipcIndex=1, logFilenamePrefix=es]] from [F:\GridWorld(大二实训)\sonar\sonarqube-7.0\elasticsearch]: F:\Java\jre1.8.0_172\bin\java -XX:+UseConcMarkSweepGC -XX:CMSInitiatingOccupancyFraction=75 -XX:+UseCMSInitiatingOccupancyOnly -XX:+AlwaysPreTouch -server -Xss1m -Djava.awt.headless=true -Dfile.encoding=UTF-8 -Djna.nosys=true -Djdk.io.permissionsUseCanonicalPath=true -Dio.netty.noUnsafe=true -Dio.netty.noKeySetOptimization=true -Dio.netty.recycler.maxCapacityPerThread=0 -Dlog4j.shutdownHookEnabled=false -Dlog4j2.disable.jmx=true -Dlog4j.skipJansi=true -Xms512m -Xmx512m -XX:+HeapDumpOnOutOfMemoryError -Delasticsearch -Des.path.home=F:\GridWorld(大二实训)\sonar\sonarqube-7.0\elasticsearch -cp lib/* org.elasticsearch.bootstrap.Elasticsearch -Epath.conf=F:\GridWorld(大二实训)\sonar\sonarqube-7.0\temp\conf\es
2018.04.20 23:04:39 INFO  app[][o.s.a.SchedulerImpl] Waiting for Elasticsearch to be up and running
2018.04.20 23:04:40 INFO  app[][o.e.p.PluginsService] no modules loaded
2018.04.20 23:04:40 INFO  app[][o.e.p.PluginsService] loaded plugin [org.elasticsearch.transport.Netty4Plugin]
2018.04.20 23:04:41 INFO  app[][o.s.a.SchedulerImpl] Process[es] is up
2018.04.20 23:04:41 INFO  app[][o.s.a.p.ProcessLauncherImpl] Launch process[[key='web', ipcIndex=2, logFilenamePrefix=web]] from [F:\GridWorld(大二实训)\sonar\sonarqube-7.0]: F:\Java\jre1.8.0_172\bin\java -Djava.awt.headless=true -Dfile.encoding=UTF-8 -Djava.io.tmpdir=F:\GridWorld(大二实训)\sonar\sonarqube-7.0\temp -Xmx512m -Xms128m -XX:+HeapDumpOnOutOfMemoryError -cp ./lib/common/*;./lib/server/*;F:\GridWorld(大二实训)\sonar\sonarqube-7.0\lib\jdbc\h2\h2-1.3.176.jar org.sonar.server.app.WebServer F:\GridWorld(大二实训)\sonar\sonarqube-7.0\temp\sq-process4219979995087347487properties
2018.04.20 23:04:42 WARN  app[][o.s.a.p.AbstractProcessMonitor] Process exited with exit value [es]: 1
2018.04.20 23:04:42 INFO  app[][o.s.a.SchedulerImpl] Process [es] is stopped
2018.04.20 23:04:42 INFO  app[][o.s.a.SchedulerImpl] Process [web] is stopped
2018.04.20 23:04:42 INFO  app[][o.s.a.SchedulerImpl] SonarQube is stopped
<-- Wrapper Stopped
